Release 14.2 - xst P.28xd (nt)
Copyright (c) 1995-2012 Xilinx, Inc.  All rights reserved.
--> Parameter TMPDIR set to xst/projnav.tmp


Total REAL time to Xst completion: 0.00 secs
Total CPU time to Xst completion: 0.17 secs
 
--> Parameter xsthdpdir set to xst


Total REAL time to Xst completion: 0.00 secs
Total CPU time to Xst completion: 0.17 secs
 
--> Reading design: digital_watch.prj

TABLE OF CONTENTS
  1) Synthesis Options Summary
  2) HDL Compilation
  3) Design Hierarchy Analysis
  4) HDL Analysis
  5) HDL Synthesis
     5.1) HDL Synthesis Report
  6) Advanced HDL Synthesis
     6.1) Advanced HDL Synthesis Report
  7) Low Level Synthesis
  8) Partition Report
  9) Final Report
	9.1) Device utilization summary
	9.2) Partition Resource Summary
	9.3) TIMING REPORT


=========================================================================
*                      Synthesis Options Summary                        *
=========================================================================
---- Source Parameters
Input File Name                    : "digital_watch.prj"
Input Format                       : mixed
Ignore Synthesis Constraint File   : NO

---- Target Parameters
Output File Name                   : "digital_watch"
Output Format                      : NGC
Target Device                      : xc3s500e-4-fg320

---- Source Options
Top Module Name                    : digital_watch
Automatic FSM Extraction           : YES
FSM Encoding Algorithm             : Auto
Safe Implementation                : No
FSM Style                          : LUT
RAM Extraction                     : Yes
RAM Style                          : Auto
ROM Extraction                     : Yes
Mux Style                          : Auto
Decoder Extraction                 : YES
Priority Encoder Extraction        : Yes
Shift Register Extraction          : YES
Logical Shifter Extraction         : YES
XOR Collapsing                     : YES
ROM Style                          : Auto
Mux Extraction                     : Yes
Resource Sharing                   : YES
Asynchronous To Synchronous        : NO
Multiplier Style                   : Auto
Automatic Register Balancing       : No

---- Target Options
Add IO Buffers                     : YES
Global Maximum Fanout              : 500
Add Generic Clock Buffer(BUFG)     : 24
Register Duplication               : YES
Slice Packing                      : YES
Optimize Instantiated Primitives   : NO
Use Clock Enable                   : Yes
Use Synchronous Set                : Yes
Use Synchronous Reset              : Yes
Pack IO Registers into IOBs        : Auto
Equivalent register Removal        : YES

---- General Options
Optimization Goal                  : Speed
Optimization Effort                : 1
Keep Hierarchy                     : No
Netlist Hierarchy                  : As_Optimized
RTL Output                         : Yes
Global Optimization                : AllClockNets
Read Cores                         : YES
Write Timing Constraints           : NO
Cross Clock Analysis               : NO
Hierarchy Separator                : /
Bus Delimiter                      : <>
Case Specifier                     : Maintain
Slice Utilization Ratio            : 100
BRAM Utilization Ratio             : 100
Verilog 2001                       : YES
Auto BRAM Packing                  : NO
Slice Utilization Ratio Delta      : 5

=========================================================================


=========================================================================
*                          HDL Compilation                              *
=========================================================================
WARNING:HDLCompilers:176 - Include directory \Users\Students\Desktop\Hamza\ does not exist
Compiling verilog file "C:/Users/Students/Desktop/Hamza/Digital_Watch.v" in library work
Module <counter> compiled
Module <digital_watch> compiled
No errors in compilation
Analysis of file <"digital_watch.prj"> succeeded.
 

=========================================================================
*                     Design Hierarchy Analysis                         *
=========================================================================
Analyzing hierarchy for module <digital_watch> in library <work>.

Analyzing hierarchy for module <counter> in library <work> with parameters.
	Bits = "00000000000000000000000000000010"
	Max = "00000010111110101111000010000000"

Analyzing hierarchy for module <counter> in library <work> with parameters.
	Bits = "00000000000000000000000000000100"
	Max = "00000000000000000000000000001001"

Analyzing hierarchy for module <counter> in library <work> with parameters.
	Bits = "00000000000000000000000000000100"
	Max = "00000000000000000000000000000101"

Analyzing hierarchy for module <counter> in library <work> with parameters.
	Bits = "00000000000000000000000000000100"
	Max = "00000000000000000000000000000010"


=========================================================================
*                            HDL Analysis                               *
=========================================================================
Analyzing top module <digital_watch>.
Module <digital_watch> is correct for synthesis.
 
Analyzing module <counter.1> in library <work>.
	Bits = 32'sb00000000000000000000000000000010
	Max = 32'sb00000010111110101111000010000000
Module <counter.1> is correct for synthesis.
 
Analyzing module <counter.2> in library <work>.
	Bits = 32'sb00000000000000000000000000000100
	Max = 32'sb00000000000000000000000000001001
Module <counter.2> is correct for synthesis.
 
Analyzing module <counter.3> in library <work>.
	Bits = 32'sb00000000000000000000000000000100
	Max = 32'sb00000000000000000000000000000101
Module <counter.3> is correct for synthesis.
 
Analyzing module <counter.4> in library <work>.
	Bits = 32'sb00000000000000000000000000000100
	Max = 32'sb00000000000000000000000000000010
Module <counter.4> is correct for synthesis.
 

=========================================================================
*                           HDL Synthesis                               *
=========================================================================

Performing bidirectional port resolution...
INFO:Xst:2679 - Register <over_flow> in unit <counter_1> has a constant value of 0 during circuit operation. The register is replaced by logic.

Synthesizing Unit <counter_1>.
    Related source file is "C:/Users/Students/Desktop/Hamza/Digital_Watch.v".
    Found 2-bit up counter for signal <count_val>.
    Summary:
	inferred   1 Counter(s).
Unit <counter_1> synthesized.


Synthesizing Unit <counter_2>.
    Related source file is "C:/Users/Students/Desktop/Hamza/Digital_Watch.v".
    Found 4-bit up counter for signal <count_val>.
    Found 1-bit register for signal <over_flow>.
    Summary:
	inferred   1 Counter(s).
	inferred   1 D-type flip-flop(s).
Unit <counter_2> synthesized.


Synthesizing Unit <counter_3>.
    Related source file is "C:/Users/Students/Desktop/Hamza/Digital_Watch.v".
    Found 4-bit up counter for signal <count_val>.
    Found 1-bit register for signal <over_flow>.
    Summary:
	inferred   1 Counter(s).
	inferred   1 D-type flip-flop(s).
Unit <counter_3> synthesized.


Synthesizing Unit <counter_4>.
    Related source file is "C:/Users/Students/Desktop/Hamza/Digital_Watch.v".
    Found 4-bit up counter for signal <count_val>.
    Found 1-bit register for signal <over_flow>.
    Summary:
	inferred   1 Counter(s).
	inferred   1 D-type flip-flop(s).
Unit <counter_4> synthesized.


Synthesizing Unit <digital_watch>.
    Related source file is "C:/Users/Students/Desktop/Hamza/Digital_Watch.v".
    Found 1-bit register for signal <reset_2>.
    Summary:
	inferred   1 D-type flip-flop(s).
Unit <digital_watch> synthesized.


=========================================================================
HDL Synthesis Report

Macro Statistics
# Counters                                             : 7
 2-bit up counter                                      : 1
 4-bit up counter                                      : 6
# Registers                                            : 7
 1-bit register                                        : 7

=========================================================================

=========================================================================
*                       Advanced HDL Synthesis                          *
=========================================================================

WARNING:Xst:1710 - FF/Latch <over_flow> (without init value) has a constant value of 0 in block <C1>. This FF/Latch will be trimmed during the optimization process.
WARNING:Xst:1710 - FF/Latch <over_flow> (without init value) has a constant value of 0 in block <C2>. This FF/Latch will be trimmed during the optimization process.
WARNING:Xst:1710 - FF/Latch <over_flow> (without init value) has a constant value of 0 in block <C3>. This FF/Latch will be trimmed during the optimization process.
WARNING:Xst:1710 - FF/Latch <over_flow> (without init value) has a constant value of 0 in block <C4>. This FF/Latch will be trimmed during the optimization process.
WARNING:Xst:1710 - FF/Latch <over_flow> (without init value) has a constant value of 0 in block <C5>. This FF/Latch will be trimmed during the optimization process.

=========================================================================
Advanced HDL Synthesis Report

Macro Statistics
# Counters                                             : 7
 2-bit up counter                                      : 1
 4-bit up counter                                      : 6
# Registers                                            : 7
 Flip-Flops                                            : 7

=========================================================================

=========================================================================
*                         Low Level Synthesis                           *
=========================================================================
WARNING:Xst:1710 - FF/Latch <C1/over_flow> (without init value) has a constant value of 0 in block <digital_watch>. This FF/Latch will be trimmed during the optimization process.
WARNING:Xst:1895 - Due to other FF/Latch trimming, FF/Latch <C2/over_flow> (without init value) has a constant value of 0 in block <digital_watch>. This FF/Latch will be trimmed during the optimization process.
WARNING:Xst:1895 - Due to other FF/Latch trimming, FF/Latch <C3/over_flow> (without init value) has a constant value of 0 in block <digital_watch>. This FF/Latch will be trimmed during the optimization process.
WARNING:Xst:1895 - Due to other FF/Latch trimming, FF/Latch <C4/over_flow> (without init value) has a constant value of 0 in block <digital_watch>. This FF/Latch will be trimmed during the optimization process.
WARNING:Xst:1895 - Due to other FF/Latch trimming, FF/Latch <C5/over_flow> (without init value) has a constant value of 0 in block <digital_watch>. This FF/Latch will be trimmed during the optimization process.
WARNING:Xst:2677 - Node <C6/over_flow> of sequential type is unconnected in block <digital_watch>.
INFO:Xst:2146 - In block <digital_watch>, Counter <C1/count_val> <C5/count_val> <C3/count_val> <C6/count_val> <C4/count_val> <C2/count_val> are equivalent, XST will keep only <C1/count_val>.
WARNING:Xst:1710 - FF/Latch <C1/count_val_0> (without init value) has a constant value of 0 in block <digital_watch>. This FF/Latch will be trimmed during the optimization process.
WARNING:Xst:1895 - Due to other FF/Latch trimming, FF/Latch <C1/count_val_1> (without init value) has a constant value of 0 in block <digital_watch>. This FF/Latch will be trimmed during the optimization process.
WARNING:Xst:1895 - Due to other FF/Latch trimming, FF/Latch <C1/count_val_2> (without init value) has a constant value of 0 in block <digital_watch>. This FF/Latch will be trimmed during the optimization process.
WARNING:Xst:1895 - Due to other FF/Latch trimming, FF/Latch <C1/count_val_3> (without init value) has a constant value of 0 in block <digital_watch>. This FF/Latch will be trimmed during the optimization process.
WARNING:Xst:1898 - Due to constant pushing, FF/Latch <reset_2> is unconnected in block <digital_watch>.

Optimizing unit <digital_watch> ...

Mapping all equations...
Building and optimizing final netlist ...
Found area constraint ratio of 100 (+ 5) on block digital_watch, actual ratio is 0.

Final Macro Processing ...

=========================================================================
Final Register Report

Found no macro
=========================================================================

=========================================================================
*                           Partition Report                            *
=========================================================================

Partition Implementation Status
-------------------------------

  No Partitions were found in this design.

-------------------------------

=========================================================================
*                            Final Report                               *
=========================================================================
Final Results
RTL Top Level Output File Name     : digital_watch.ngr
Top Level Output File Name         : digital_watch
Output Format                      : NGC
Optimization Goal                  : Speed
Keep Hierarchy                     : No

Design Statistics
# IOs                              : 27

Cell Usage :
# BELS                             : 1
#      GND                         : 1
# IO Buffers                       : 24
#      OBUF                        : 24
=========================================================================

Device utilization summary:
---------------------------

Selected Device : 3s500efg320-4 

 Number of Slices:                        0  out of   4656     0%  
 Number of IOs:                          27
 Number of bonded IOBs:                  24  out of    232    10%  

---------------------------
Partition Resource Summary:
---------------------------

  No Partitions were found in this design.

---------------------------


=========================================================================
TIMING REPORT

NOTE: THESE TIMING NUMBERS ARE ONLY A SYNTHESIS ESTIMATE.
      FOR ACCURATE TIMING INFORMATION PLEASE REFER TO THE TRACE REPORT
      GENERATED AFTER PLACE-and-ROUTE.

Clock Information:
------------------
No clock signals found in this design

Asynchronous Control Signals Information:
----------------------------------------
No asynchronous control signals found in this design

Timing Summary:
---------------
Speed Grade: -4

   Minimum period: No path found
   Minimum input arrival time before clock: No path found
   Maximum output required time after clock: No path found
   Maximum combinational path delay: No path found

Timing Detail:
--------------
All values displayed in nanoseconds (ns)

=========================================================================


Total REAL time to Xst completion: 6.00 secs
Total CPU time to Xst completion: 6.48 secs
 
--> 

Total memory usage is 229244 kilobytes

Number of errors   :    0 (   0 filtered)
Number of warnings :   17 (   0 filtered)
Number of infos    :    2 (   0 filtered)

